Run    : 20260428_180921  2L4H_d128
Expdir : experiments/20260428_180921  (pre-existing=False)
Device : cpu
Data: depth_train=4  train=10000  test_same=1000  saved=experiments/20260428_180921/data/20260428_180921
Params : 410,112  (2L 4H d128  max_len=96  bs=64  iters=10000  lr=0.0003)

step     0  loss 2.8700  lr 1.50e-06  0s
step   200  loss 1.4026  lr 3.00e-04  53s
         >> test_same=0.118  test_deeper=0.002
step   400  loss 0.8297  lr 3.00e-04  122s
         >> test_same=0.188  test_deeper=0.055
step   600  loss 0.5481  lr 2.99e-04  190s
         >> test_same=0.218  test_deeper=0.092
step   800  loss 0.3950  lr 2.98e-04  265s
         >> test_same=0.227  test_deeper=0.108
step  1000  loss 0.3574  lr 2.96e-04  328s
         >> test_same=0.227  test_deeper=0.119
step  1200  loss 0.3299  lr 2.93e-04  389s
         >> test_same=0.240  test_deeper=0.106
step  1400  loss 0.3119  lr 2.90e-04  451s
         >> test_same=0.238  test_deeper=0.131
step  1600  loss 0.3161  lr 2.87e-04  510s
         >> test_same=0.230  test_deeper=0.105
step  1800  loss 0.2923  lr 2.83e-04  571s
         >> test_same=0.241  test_deeper=0.120
step  2000  loss 0.2932  lr 2.78e-04  646s
         >> test_same=0.227  test_deeper=0.127
  [early stop] test_deeper no improvement > 0.01 in last 3 evals — stopping at step 2000

Final  test_same=0.227  test_deeper=0.127  (early-stop)

Sample predictions (greedy):
  XX  ((2+((2-6)--3))+(((5-6)+(6-3))--(-9)))->  pred='2+2+6+3+5+6+6+3+9'  gold='2+2-6+3+5-6+6-3-9'
  XX  (((1--5)-(-4--1))+(-(8-1)+(-3+3)))->  pred='1+5-4+1+8+1+3+3'  gold='1+5+4-1-8+1-3+3'
  XX  ((((5-7)-8)--(2-2))+9)->  pred='5+7+8+2+2+9'  gold='5-7-8+2-2+9'
  XX  ((0+-(0+8))-6)->  pred='0+0+8+6'  gold='0-0-8-6'
  OK  -(7-(6+(2+3)))->  pred='-7+6+2+3'  gold='-7+6+2+3'
  XX  ((((7+8)+(7-9))+-(7-2))-((-6-(1-8))+(-0-(6+5))))->  pred='7+8+7+9+7+2+6-1+8+0+6+5'  gold='7+8+7-9-7+2+6+1-8+0+6+5'
  XX  ((3-((0+6)--0))+6)->  pred='3+0+6+0+6'  gold='3-0-6-0+6'
  XX  ((-(4+6)--(-0))+(((0+8)-(7-1))--(2+5)))->  pred='-4-6+0+0+8+7+1+2'  gold='-4-6-0+0+8-7+1+2+5'

Log    : experiments/20260428_180921/run.log
Params : experiments/20260428_180921/intparams.json
